<?xml version="1.0" encoding="UTF-8"?>
<testng-results ignored="0" total="1" passed="1" failed="0" skipped="0">
  <reporter-output>
  </reporter-output>
  <suite started-at="2023-10-09T12:25:39Z" name="Default suite" finished-at="2023-10-09T12:26:09Z" duration-ms="29594">
    <groups>
    </groups>
    <test started-at="2023-10-09T12:25:39Z" name="Default test" finished-at="2023-10-09T12:26:09Z" duration-ms="29594">
      <class name="com.nafisa.LogIn">
        <test-method is-config="true" signature="StartBrowser()[pri:0, instance:com.nafisa.LogIn@3688eb5b]" started-at="2023-10-09T18:25:38Z" name="StartBrowser" finished-at="2023-10-09T18:25:39Z" duration-ms="1725" status="PASS">
          <reporter-output>
          </reporter-output>
        </test-method> <!-- StartBrowser -->
        <test-method signature="OpenUrl()[pri:0, instance:com.nafisa.LogIn@3688eb5b]" started-at="2023-10-09T18:25:39Z" name="OpenUrl" finished-at="2023-10-09T18:26:09Z" duration-ms="29580" status="PASS">
          <reporter-output>
          </reporter-output>
        </test-method> <!-- OpenUrl -->
        <test-method is-config="true" signature="close()[pri:0, instance:com.nafisa.LogIn@3688eb5b]" started-at="2023-10-09T18:26:09Z" name="close" finished-at="2023-10-09T18:26:09Z" duration-ms="64" status="PASS">
          <reporter-output>
          </reporter-output>
        </test-method> <!-- close -->
      </class> <!-- com.nafisa.LogIn -->
    </test> <!-- Default test -->
  </suite> <!-- Default suite -->
</testng-results>
